<?xml version="1.0" encoding="UTF-8"?>
<!-- Generated by org.testng.reporters.JUnitXMLReporter -->
<testsuite hostname="DESKTOP-DP8GRSG" ignored="0" name="Surefire test" tests="4" failures="2" timestamp="2020-11-11T00:20:28 EST" time="59.147" errors="0">
  <testcase name="get_auto_drop_down_test" time="2.225" classname="home_Test.AutoSuggestion_DropDpwnTest">
    <failure type="org.openqa.selenium.NoSuchElementException" message="Cannot locate an element using xpath=//input[@id=&amp;apos;autosuggest&amp;apos;]
For documentation on this error, please visit: https://selenium.dev/exceptions/#no_such_element
Build info: version: &amp;apos;4.0.0-alpha-6&amp;apos;, revision: &amp;apos;5f43a29cfc&amp;apos;
System info: host: &amp;apos;DESKTOP-DP8GRSG&amp;apos;, ip: &amp;apos;192.168.1.159&amp;apos;, os.name: &amp;apos;Windows 10&amp;apos;, os.arch: &amp;apos;amd64&amp;apos;, os.version: &amp;apos;10.0&amp;apos;, java.version: &amp;apos;1.8.0_231&amp;apos;
Driver info: driver.version: RemoteWebDriver">
      <![CDATA[org.openqa.selenium.NoSuchElementException: Cannot locate an element using xpath=//input[@id='autosuggest']
For documentation on this error, please visit: https://selenium.dev/exceptions/#no_such_element
Build info: version: '4.0.0-alpha-6', revision: '5f43a29cfc'
System info: host: 'DESKTOP-DP8GRSG', ip: '192.168.1.159', os.name: 'Windows 10', os.arch: 'amd64', os.version: '10.0', java.version: '1.8.0_231'
Driver info: driver.version: RemoteWebDriver
at org.openqa.selenium.remote.RemoteWebDriver.findElement(RemoteWebDriver.java:336)
at org.openqa.selenium.remote.RemoteWebDriver.findElementByXPath(RemoteWebDriver.java:451)
at org.openqa.selenium.By$ByXPath.findElement(By.java:394)
at org.openqa.selenium.remote.RemoteWebDriver.findElement(RemoteWebDriver.java:325)
at home.AutoSuggestion_Dropdown.get_auto_drop_down(AutoSuggestion_Dropdown.java:12)
at home_Test.AutoSuggestion_DropDpwnTest.get_auto_drop_down_test(AutoSuggestion_DropDpwnTest.java:24)
at java.util.ArrayList.forEach(ArrayList.java:1257)
... Removed 32 stack frames]]>
    </failure>
  </testcase> <!-- get_auto_drop_down_test -->
  <testcase name="currentUrlTest" time="0.133" classname="home_Test.Current_url_Test"/>
  <testcase name="getHandle_Tabs_Test" time="0.037" classname="home_Test.HandleTabsTest"/>
  <testcase name="getDropDown_Test" time="4.544" classname="home_Test.Static_Drop_Down_Test">
    <failure type="org.openqa.selenium.NoSuchElementException" message="Cannot locate an element using css selector=#ctl00_mainContent_ddl_originStation1_CTXTaction
For documentation on this error, please visit: https://selenium.dev/exceptions/#no_such_element
Build info: version: &amp;apos;4.0.0-alpha-6&amp;apos;, revision: &amp;apos;5f43a29cfc&amp;apos;
System info: host: &amp;apos;DESKTOP-DP8GRSG&amp;apos;, ip: &amp;apos;192.168.1.159&amp;apos;, os.name: &amp;apos;Windows 10&amp;apos;, os.arch: &amp;apos;amd64&amp;apos;, os.version: &amp;apos;10.0&amp;apos;, java.version: &amp;apos;1.8.0_231&amp;apos;
Driver info: driver.version: RemoteWebDriver">
      <![CDATA[org.openqa.selenium.NoSuchElementException: Cannot locate an element using css selector=#ctl00_mainContent_ddl_originStation1_CTXTaction
For documentation on this error, please visit: https://selenium.dev/exceptions/#no_such_element
Build info: version: '4.0.0-alpha-6', revision: '5f43a29cfc'
System info: host: 'DESKTOP-DP8GRSG', ip: '192.168.1.159', os.name: 'Windows 10', os.arch: 'amd64', os.version: '10.0', java.version: '1.8.0_231'
Driver info: driver.version: RemoteWebDriver
at org.openqa.selenium.remote.RemoteWebDriver.findElement(RemoteWebDriver.java:336)
at org.openqa.selenium.remote.RemoteWebDriver.findElementByCssSelector(RemoteWebDriver.java:441)
at org.openqa.selenium.By$ByCssSelector.findElement(By.java:494)
at org.openqa.selenium.remote.RemoteWebDriver.findElement(RemoteWebDriver.java:325)
at home.Static_Drop_Downs.getDropDown(Static_Drop_Downs.java:21)
at home_Test.Static_Drop_Down_Test.getDropDown_Test(Static_Drop_Down_Test.java:23)
at java.util.ArrayList.forEach(ArrayList.java:1257)
... Removed 32 stack frames]]>
    </failure>
  </testcase> <!-- getDropDown_Test -->
</testsuite> <!-- Surefire test -->
