<?xml version="1.0" encoding="UTF-8"?>
<testng-results skipped="0" failed="2" ignored="0" total="4" passed="2">
  <reporter-output>
  </reporter-output>
  <suite name="Surefire suite" duration-ms="59147" started-at="2020-11-11T00:19:29 EST" finished-at="2020-11-11T00:20:28 EST">
    <groups>
    </groups>
    <test name="Surefire test" duration-ms="59147" started-at="2020-11-11T00:19:29 EST" finished-at="2020-11-11T00:20:28 EST">
      <class name="home_Test.Current_url_Test">
        <test-method status="PASS" signature="setUp()[pri:0, instance:home_Test.Current_url_Test@6737fd8f]" name="setUp" is-config="true" duration-ms="12116" started-at="2020-11-11T00:19:45 EST" finished-at="2020-11-11T00:19:57 EST">
          <reporter-output>
          </reporter-output>
        </test-method> <!-- setUp -->
        <test-method status="PASS" signature="currentUrlTest()[pri:0, instance:home_Test.Current_url_Test@6737fd8f]" name="currentUrlTest" duration-ms="133" started-at="2020-11-11T00:19:57 EST" finished-at="2020-11-11T00:19:57 EST">
          <reporter-output>
          </reporter-output>
        </test-method> <!-- currentUrlTest -->
        <test-method status="PASS" signature="tearDown()[pri:0, instance:home_Test.Current_url_Test@6737fd8f]" name="tearDown" is-config="true" duration-ms="1114" started-at="2020-11-11T00:19:57 EST" finished-at="2020-11-11T00:19:58 EST">
          <reporter-output>
          </reporter-output>
        </test-method> <!-- tearDown -->
      </class> <!-- home_Test.Current_url_Test -->
      <class name="home_Test.Static_Drop_Down_Test">
        <test-method status="PASS" signature="setUp()[pri:0, instance:home_Test.Static_Drop_Down_Test@a7e666]" name="setUp" is-config="true" duration-ms="12091" started-at="2020-11-11T00:20:11 EST" finished-at="2020-11-11T00:20:23 EST">
          <reporter-output>
          </reporter-output>
        </test-method> <!-- setUp -->
        <test-method status="FAIL" signature="getDropDown_Test()[pri:0, instance:home_Test.Static_Drop_Down_Test@a7e666]" name="getDropDown_Test" duration-ms="4544" started-at="2020-11-11T00:20:23 EST" finished-at="2020-11-11T00:20:27 EST">
          <exception class="org.openqa.selenium.NoSuchElementException">
            <message>
              <![CDATA[Cannot locate an element using css selector=#ctl00_mainContent_ddl_originStation1_CTXTaction
For documentation on this error, please visit: https://selenium.dev/exceptions/#no_such_element
Build info: version: '4.0.0-alpha-6', revision: '5f43a29cfc'
System info: host: 'DESKTOP-DP8GRSG', ip: '192.168.1.159', os.name: 'Windows 10', os.arch: 'amd64', os.version: '10.0', java.version: '1.8.0_231'
Driver info: driver.version: RemoteWebDriver]]>
            </message>
            <full-stacktrace>
              <![CDATA[org.openqa.selenium.NoSuchElementException: Cannot locate an element using css selector=#ctl00_mainContent_ddl_originStation1_CTXTaction
For documentation on this error, please visit: https://selenium.dev/exceptions/#no_such_element
Build info: version: '4.0.0-alpha-6', revision: '5f43a29cfc'
System info: host: 'DESKTOP-DP8GRSG', ip: '192.168.1.159', os.name: 'Windows 10', os.arch: 'amd64', os.version: '10.0', java.version: '1.8.0_231'
Driver info: driver.version: RemoteWebDriver
at org.openqa.selenium.remote.RemoteWebDriver.findElement(RemoteWebDriver.java:336)
at org.openqa.selenium.remote.RemoteWebDriver.findElementByCssSelector(RemoteWebDriver.java:441)
at org.openqa.selenium.By$ByCssSelector.findElement(By.java:494)
at org.openqa.selenium.remote.RemoteWebDriver.findElement(RemoteWebDriver.java:325)
at home.Static_Drop_Downs.getDropDown(Static_Drop_Downs.java:21)
at home_Test.Static_Drop_Down_Test.getDropDown_Test(Static_Drop_Down_Test.java:23)
at sun.reflect.NativeMethodAccessorImpl.invoke0(Native Method)
at sun.reflect.NativeMethodAccessorImpl.invoke(NativeMethodAccessorImpl.java:62)
at sun.reflect.DelegatingMethodAccessorImpl.invoke(DelegatingMethodAccessorImpl.java:43)
at java.lang.reflect.Method.invoke(Method.java:498)
at org.testng.internal.MethodInvocationHelper.invokeMethod(MethodInvocationHelper.java:134)
at org.testng.internal.TestInvoker.invokeMethod(TestInvoker.java:597)
at org.testng.internal.TestInvoker.invokeTestMethod(TestInvoker.java:173)
at org.testng.internal.MethodRunner.runInSequence(MethodRunner.java:46)
at org.testng.internal.TestInvoker$MethodInvocationAgent.invoke(TestInvoker.java:816)
at org.testng.internal.TestInvoker.invokeTestMethods(TestInvoker.java:146)
at org.testng.internal.TestMethodWorker.invokeTestMethods(TestMethodWorker.java:146)
at org.testng.internal.TestMethodWorker.run(TestMethodWorker.java:128)
at java.util.ArrayList.forEach(ArrayList.java:1257)
at org.testng.TestRunner.privateRun(TestRunner.java:766)
at org.testng.TestRunner.run(TestRunner.java:587)
at org.testng.SuiteRunner.runTest(SuiteRunner.java:384)
at org.testng.SuiteRunner.runSequentially(SuiteRunner.java:378)
at org.testng.SuiteRunner.privateRun(SuiteRunner.java:337)
at org.testng.SuiteRunner.run(SuiteRunner.java:286)
at org.testng.SuiteRunnerWorker.runSuite(SuiteRunnerWorker.java:53)
at org.testng.SuiteRunnerWorker.run(SuiteRunnerWorker.java:96)
at org.testng.TestNG.runSuitesSequentially(TestNG.java:1187)
at org.testng.TestNG.runSuitesLocally(TestNG.java:1109)
at org.testng.TestNG.runSuites(TestNG.java:1039)
at org.testng.TestNG.run(TestNG.java:1007)
at org.apache.maven.surefire.testng.TestNGExecutor.run(TestNGExecutor.java:135)
at org.apache.maven.surefire.testng.TestNGDirectoryTestSuite.executeMulti(TestNGDirectoryTestSuite.java:193)
at org.apache.maven.surefire.testng.TestNGDirectoryTestSuite.execute(TestNGDirectoryTestSuite.java:94)
at org.apache.maven.surefire.testng.TestNGProvider.invoke(TestNGProvider.java:146)
at org.apache.maven.surefire.booter.ForkedBooter.runSuitesInProcess(ForkedBooter.java:377)
at org.apache.maven.surefire.booter.ForkedBooter.execute(ForkedBooter.java:138)
at org.apache.maven.surefire.booter.ForkedBooter.run(ForkedBooter.java:465)
at org.apache.maven.surefire.booter.ForkedBooter.main(ForkedBooter.java:451)
]]>
            </full-stacktrace>
          </exception> <!-- org.openqa.selenium.NoSuchElementException -->
          <reporter-output>
          </reporter-output>
        </test-method> <!-- getDropDown_Test -->
        <test-method status="PASS" signature="tearDown()[pri:0, instance:home_Test.Static_Drop_Down_Test@a7e666]" name="tearDown" is-config="true" duration-ms="704" started-at="2020-11-11T00:20:27 EST" finished-at="2020-11-11T00:20:28 EST">
          <reporter-output>
          </reporter-output>
        </test-method> <!-- tearDown -->
      </class> <!-- home_Test.Static_Drop_Down_Test -->
      <class name="home_Test.AutoSuggestion_DropDpwnTest">
        <test-method status="PASS" signature="setUp()[pri:0, instance:home_Test.AutoSuggestion_DropDpwnTest@1efed156]" name="setUp" is-config="true" duration-ms="12951" started-at="2020-11-11T00:19:29 EST" finished-at="2020-11-11T00:19:42 EST">
          <reporter-output>
          </reporter-output>
        </test-method> <!-- setUp -->
        <test-method status="FAIL" signature="get_auto_drop_down_test()[pri:0, instance:home_Test.AutoSuggestion_DropDpwnTest@1efed156]" name="get_auto_drop_down_test" duration-ms="2225" started-at="2020-11-11T00:19:42 EST" finished-at="2020-11-11T00:19:44 EST">
          <exception class="org.openqa.selenium.NoSuchElementException">
            <message>
              <![CDATA[Cannot locate an element using xpath=//input[@id='autosuggest']
For documentation on this error, please visit: https://selenium.dev/exceptions/#no_such_element
Build info: version: '4.0.0-alpha-6', revision: '5f43a29cfc'
System info: host: 'DESKTOP-DP8GRSG', ip: '192.168.1.159', os.name: 'Windows 10', os.arch: 'amd64', os.version: '10.0', java.version: '1.8.0_231'
Driver info: driver.version: RemoteWebDriver]]>
            </message>
            <full-stacktrace>
              <![CDATA[org.openqa.selenium.NoSuchElementException: Cannot locate an element using xpath=//input[@id='autosuggest']
For documentation on this error, please visit: https://selenium.dev/exceptions/#no_such_element
Build info: version: '4.0.0-alpha-6', revision: '5f43a29cfc'
System info: host: 'DESKTOP-DP8GRSG', ip: '192.168.1.159', os.name: 'Windows 10', os.arch: 'amd64', os.version: '10.0', java.version: '1.8.0_231'
Driver info: driver.version: RemoteWebDriver
at org.openqa.selenium.remote.RemoteWebDriver.findElement(RemoteWebDriver.java:336)
at org.openqa.selenium.remote.RemoteWebDriver.findElementByXPath(RemoteWebDriver.java:451)
at org.openqa.selenium.By$ByXPath.findElement(By.java:394)
at org.openqa.selenium.remote.RemoteWebDriver.findElement(RemoteWebDriver.java:325)
at home.AutoSuggestion_Dropdown.get_auto_drop_down(AutoSuggestion_Dropdown.java:12)
at home_Test.AutoSuggestion_DropDpwnTest.get_auto_drop_down_test(AutoSuggestion_DropDpwnTest.java:24)
at sun.reflect.NativeMethodAccessorImpl.invoke0(Native Method)
at sun.reflect.NativeMethodAccessorImpl.invoke(NativeMethodAccessorImpl.java:62)
at sun.reflect.DelegatingMethodAccessorImpl.invoke(DelegatingMethodAccessorImpl.java:43)
at java.lang.reflect.Method.invoke(Method.java:498)
at org.testng.internal.MethodInvocationHelper.invokeMethod(MethodInvocationHelper.java:134)
at org.testng.internal.TestInvoker.invokeMethod(TestInvoker.java:597)
at org.testng.internal.TestInvoker.invokeTestMethod(TestInvoker.java:173)
at org.testng.internal.MethodRunner.runInSequence(MethodRunner.java:46)
at org.testng.internal.TestInvoker$MethodInvocationAgent.invoke(TestInvoker.java:816)
at org.testng.internal.TestInvoker.invokeTestMethods(TestInvoker.java:146)
at org.testng.internal.TestMethodWorker.invokeTestMethods(TestMethodWorker.java:146)
at org.testng.internal.TestMethodWorker.run(TestMethodWorker.java:128)
at java.util.ArrayList.forEach(ArrayList.java:1257)
at org.testng.TestRunner.privateRun(TestRunner.java:766)
at org.testng.TestRunner.run(TestRunner.java:587)
at org.testng.SuiteRunner.runTest(SuiteRunner.java:384)
at org.testng.SuiteRunner.runSequentially(SuiteRunner.java:378)
at org.testng.SuiteRunner.privateRun(SuiteRunner.java:337)
at org.testng.SuiteRunner.run(SuiteRunner.java:286)
at org.testng.SuiteRunnerWorker.runSuite(SuiteRunnerWorker.java:53)
at org.testng.SuiteRunnerWorker.run(SuiteRunnerWorker.java:96)
at org.testng.TestNG.runSuitesSequentially(TestNG.java:1187)
at org.testng.TestNG.runSuitesLocally(TestNG.java:1109)
at org.testng.TestNG.runSuites(TestNG.java:1039)
at org.testng.TestNG.run(TestNG.java:1007)
at org.apache.maven.surefire.testng.TestNGExecutor.run(TestNGExecutor.java:135)
at org.apache.maven.surefire.testng.TestNGDirectoryTestSuite.executeMulti(TestNGDirectoryTestSuite.java:193)
at org.apache.maven.surefire.testng.TestNGDirectoryTestSuite.execute(TestNGDirectoryTestSuite.java:94)
at org.apache.maven.surefire.testng.TestNGProvider.invoke(TestNGProvider.java:146)
at org.apache.maven.surefire.booter.ForkedBooter.runSuitesInProcess(ForkedBooter.java:377)
at org.apache.maven.surefire.booter.ForkedBooter.execute(ForkedBooter.java:138)
at org.apache.maven.surefire.booter.ForkedBooter.run(ForkedBooter.java:465)
at org.apache.maven.surefire.booter.ForkedBooter.main(ForkedBooter.java:451)
]]>
            </full-stacktrace>
          </exception> <!-- org.openqa.selenium.NoSuchElementException -->
          <reporter-output>
          </reporter-output>
        </test-method> <!-- get_auto_drop_down_test -->
        <test-method status="PASS" signature="tearDown()[pri:0, instance:home_Test.AutoSuggestion_DropDpwnTest@1efed156]" name="tearDown" is-config="true" duration-ms="728" started-at="2020-11-11T00:19:44 EST" finished-at="2020-11-11T00:19:45 EST">
          <reporter-output>
          </reporter-output>
        </test-method> <!-- tearDown -->
      </class> <!-- home_Test.AutoSuggestion_DropDpwnTest -->
      <class name="home_Test.HandleTabsTest">
        <test-method status="PASS" signature="setUp()[pri:0, instance:home_Test.HandleTabsTest@72b6cbcc]" name="setUp" is-config="true" duration-ms="11719" started-at="2020-11-11T00:19:58 EST" finished-at="2020-11-11T00:20:10 EST">
          <reporter-output>
          </reporter-output>
        </test-method> <!-- setUp -->
        <test-method status="PASS" signature="getHandle_Tabs_Test()[pri:0, instance:home_Test.HandleTabsTest@72b6cbcc]" name="getHandle_Tabs_Test" duration-ms="37" started-at="2020-11-11T00:20:10 EST" finished-at="2020-11-11T00:20:10 EST">
          <reporter-output>
          </reporter-output>
        </test-method> <!-- getHandle_Tabs_Test -->
        <test-method status="PASS" signature="tearDown()[pri:0, instance:home_Test.HandleTabsTest@72b6cbcc]" name="tearDown" is-config="true" duration-ms="692" started-at="2020-11-11T00:20:10 EST" finished-at="2020-11-11T00:20:11 EST">
          <reporter-output>
          </reporter-output>
        </test-method> <!-- tearDown -->
      </class> <!-- home_Test.HandleTabsTest -->
    </test> <!-- Surefire test -->
  </suite> <!-- Surefire suite -->
</testng-results>
